Flow report for RISC-V-Processor
Sat Nov 27 16:31:11 2021
Quartus Prime Version 21.1.0 Build 842 10/21/2021 SJ Lite Edition


---------------------
; Table of Contents ;
---------------------
  1. Legal Notice
  2. Flow Summary
  3. Flow Settings
  4. Flow Non-Default Global Settings
  5. Flow Elapsed Time
  6. Flow OS Summary
  7. Flow Log
  8. Flow Messages
  9. Flow Suppressed Messages



----------------
; Legal Notice ;
----------------
Copyright (C) 2021  Intel Corporation. All rights reserved.
Your use of Intel Corporation's design tools, logic functions 
and other software and tools, and any partner logic 
functions, and any output files from any of the foregoing 
(including device programming or simulation files), and any 
associated documentation or information are expressly subject 
to the terms and conditions of the Intel Program License 
Subscription Agreement, the Intel Quartus Prime License Agreement,
the Intel FPGA IP License Agreement, or other applicable license
agreement, including, without limitation, that your use is for
the sole purpose of programming logic devices manufactured by
Intel and sold by Intel or its authorized distributors.  Please
refer to the applicable agreement for further details, at
https://fpgasoftware.intel.com/eula.



+----------------------------------------------------------------------------------+
; Flow Summary                                                                     ;
+------------------------------------+---------------------------------------------+
; Flow Status                        ; Successful - Sat Nov 27 16:31:11 2021       ;
; Quartus Prime Version              ; 21.1.0 Build 842 10/21/2021 SJ Lite Edition ;
; Revision Name                      ; RISC-V-Processor                            ;
; Top-level Entity Name              ; RISC_V_Processor                            ;
; Family                             ; Cyclone IV E                                ;
; Device                             ; EP4CE6E22C8                                 ;
; Timing Models                      ; Final                                       ;
; Total logic elements               ; 5,532 / 6,272 ( 88 % )                      ;
;     Total combinational functions  ; 5,337 / 6,272 ( 85 % )                      ;
;     Dedicated logic registers      ; 1,624 / 6,272 ( 26 % )                      ;
; Total registers                    ; 1624                                        ;
; Total pins                         ; 39 / 92 ( 42 % )                            ;
; Total virtual pins                 ; 0                                           ;
; Total memory bits                  ; 131,072 / 276,480 ( 47 % )                  ;
; Embedded Multiplier 9-bit elements ; 30 / 30 ( 100 % )                           ;
; Total PLLs                         ; 0 / 2 ( 0 % )                               ;
+------------------------------------+---------------------------------------------+


+-----------------------------------------+
; Flow Settings                           ;
+-------------------+---------------------+
; Option            ; Setting             ;
+-------------------+---------------------+
; Start date & time ; 11/27/2021 16:30:15 ;
; Main task         ; Compilation         ;
; Revision Name     ; RISC-V-Processor    ;
+-------------------+---------------------+


+--------------------------------------------------------------------------------------------------------------------------------------------------------+
; Flow Non-Default Global Settings                                                                                                                       ;
+-------------------------------------+----------------------------------------+------------------+------------------+-----------------------------------+
; Assignment Name                     ; Value                                  ; Default Value    ; Entity Name      ; Section Id                        ;
+-------------------------------------+----------------------------------------+------------------+------------------+-----------------------------------+
; COMPILER_SIGNATURE_ID               ; 1098169266701.163800181511772          ; --               ; --               ; --                                ;
; EDA_GENERATE_FUNCTIONAL_NETLIST     ; Off                                    ; --               ; --               ; eda_board_design_timing           ;
; EDA_GENERATE_FUNCTIONAL_NETLIST     ; Off                                    ; --               ; --               ; eda_board_design_boundary_scan    ;
; EDA_GENERATE_FUNCTIONAL_NETLIST     ; Off                                    ; --               ; --               ; eda_board_design_signal_integrity ;
; EDA_GENERATE_FUNCTIONAL_NETLIST     ; Off                                    ; --               ; --               ; eda_board_design_symbol           ;
; EDA_OUTPUT_DATA_FORMAT              ; Verilog Hdl                            ; --               ; --               ; eda_simulation                    ;
; EDA_SIMULATION_TOOL                 ; ModelSim (Verilog)                     ; <None>           ; --               ; --                                ;
; EDA_TIME_SCALE                      ; 1 ps                                   ; --               ; --               ; eda_simulation                    ;
; MAX_CORE_JUNCTION_TEMP              ; 85                                     ; --               ; --               ; --                                ;
; MIN_CORE_JUNCTION_TEMP              ; 0                                      ; --               ; --               ; --                                ;
; MISC_FILE                           ; ram_bb.v                               ; --               ; --               ; --                                ;
; NOMINAL_CORE_SUPPLY_VOLTAGE         ; 1.2V                                   ; --               ; --               ; --                                ;
; PARTITION_COLOR                     ; -- (Not supported for targeted family) ; --               ; RISC_V_Processor ; Top                               ;
; PARTITION_FITTER_PRESERVATION_LEVEL ; -- (Not supported for targeted family) ; --               ; RISC_V_Processor ; Top                               ;
; PARTITION_NETLIST_TYPE              ; -- (Not supported for targeted family) ; --               ; RISC_V_Processor ; Top                               ;
; POWER_BOARD_THERMAL_MODEL           ; None (CONSERVATIVE)                    ; --               ; --               ; --                                ;
; POWER_PRESET_COOLING_SOLUTION       ; 23 MM HEAT SINK WITH 200 LFPM AIRFLOW  ; --               ; --               ; --                                ;
; PROJECT_OUTPUT_DIRECTORY            ; output_files                           ; --               ; --               ; --                                ;
; TOP_LEVEL_ENTITY                    ; RISC_V_Processor                       ; RISC-V-Processor ; --               ; --                                ;
+-------------------------------------+----------------------------------------+------------------+------------------+-----------------------------------+


+--------------------------------------------------------------------------------------------------------------------------+
; Flow Elapsed Time                                                                                                        ;
+----------------------+--------------+-------------------------+---------------------+------------------------------------+
; Module Name          ; Elapsed Time ; Average Processors Used ; Peak Virtual Memory ; Total CPU Time (on all processors) ;
+----------------------+--------------+-------------------------+---------------------+------------------------------------+
; Analysis & Synthesis ; 00:00:14     ; 1.0                     ; 4914 MB             ; 00:00:22                           ;
; Fitter               ; 00:00:32     ; 1.3                     ; 6634 MB             ; 00:01:00                           ;
; Assembler            ; 00:00:00     ; 1.0                     ; 4737 MB             ; 00:00:01                           ;
; Timing Analyzer      ; 00:00:04     ; 2.1                     ; 5065 MB             ; 00:00:05                           ;
; EDA Netlist Writer   ; 00:00:01     ; 1.0                     ; 4673 MB             ; 00:00:01                           ;
; Total                ; 00:00:51     ; --                      ; --                  ; 00:01:29                           ;
+----------------------+--------------+-------------------------+---------------------+------------------------------------+


+------------------------------------------------------------------------------------+
; Flow OS Summary                                                                    ;
+----------------------+------------------+------------+------------+----------------+
; Module Name          ; Machine Hostname ; OS Name    ; OS Version ; Processor type ;
+----------------------+------------------+------------+------------+----------------+
; Analysis & Synthesis ; LazyJazz-PC      ; Windows 10 ; 10.0       ; x86_64         ;
; Fitter               ; LazyJazz-PC      ; Windows 10 ; 10.0       ; x86_64         ;
; Assembler            ; LazyJazz-PC      ; Windows 10 ; 10.0       ; x86_64         ;
; Timing Analyzer      ; LazyJazz-PC      ; Windows 10 ; 10.0       ; x86_64         ;
; EDA Netlist Writer   ; LazyJazz-PC      ; Windows 10 ; 10.0       ; x86_64         ;
+----------------------+------------------+------------+------------+----------------+


------------
; Flow Log ;
------------
quartus_map --read_settings_files=on --write_settings_files=off RISC-V-Processor -c RISC-V-Processor
quartus_fit --read_settings_files=off --write_settings_files=off RISC-V-Processor -c RISC-V-Processor
quartus_asm --read_settings_files=off --write_settings_files=off RISC-V-Processor -c RISC-V-Processor
quartus_sta RISC-V-Processor -c RISC-V-Processor
quartus_eda --read_settings_files=off --write_settings_files=off RISC-V-Processor -c RISC-V-Processor



